/*C1*/SET SCHEMA SYSTEM_LOBS
INSERT INTO BLOCKS VALUES(0,2147483647,0)
COMMIT
/*C11*/SET SCHEMA PUBLIC
create table aluno (id varchar(255) not null, caminho_foto varchar(255), desativado integer not null, endereco varchar(255), id_cliente integer not null, modificacao timestamp, nome varchar(255), nota double, site varchar(255), telefone varchar(255), primary key (id))
create table dispositivo (token varchar(255) not null, primary key (token))
create table firebase_config (id bigint not null, url varchar(255), apikey varchar(255), primary key (id))
INSERT INTO FIREBASE_CONFIG VALUES(1,'https://fcm.googleapis.com/fcm/send','AAAAF5l_YUE:APA91bEVqUztwkGORycjUm_rjhuDFWlB8ciemqhacLr55kycwNl9ydsTJeAcRsFMIwDrksy-z9rG_RzMgwwBx7MEWa-PedeaxY7gh-XllhJYLHdluQ40lwwryyTABECCEPJwTWpBTBvA')
COMMIT
INSERT INTO ALUNO VALUES('182ab3aa-767f-4706-9c92-ec31862905ba',NULL,0,'fgfgj',0,'2018-09-21 01:35:32.890000','gfhgfmgh',6.0E0,'fgfgjn','45451')
INSERT INTO ALUNO VALUES('554c3b30-a06e-4c4e-a9dd-9f66780f9f85',NULL,0,'john doe ave',0,'2018-09-21 01:35:33.023000','John doe',8.0E0,'www.doejohn.com.br','123456789')
INSERT INTO ALUNO VALUES('83cc1166-25a6-41b2-ae99-f4c4ee95a942',NULL,0,'Maddog st',0,'2018-09-21 01:35:33.046000','maddog dall',10.0E0,'www.maddog.com.br','123456789')
INSERT INTO ALUNO VALUES('e7d4e02d-a4ae-4bc5-8e33-a1f370af5794',NULL,0,'sggfjgkmh',0,'2018-09-21 01:35:33.056000','Jane doe',10.0E0,'dfjhk','13456786')
INSERT INTO ALUNO VALUES('aed5367a-e5e0-48d0-aa84-03279e3849ab',NULL,0,'dfdg',0,'2018-09-21 01:35:33.060000','joao',0.0E0,'ddfgyht','54684654')
INSERT INTO ALUNO VALUES('234b94c4-f0bf-44d4-b4ba-2057efa51ecc',NULL,0,'guygy',0,'2018-09-21 01:35:33.062000','flavio',7.0E0,'jhgyugyug','4546845')
INSERT INTO ALUNO VALUES('46f6b178-0675-4d76-b01d-121cc19f9291',NULL,0,'sdfbngmh',0,'2018-09-21 01:35:33.065000','geronimo',10.0E0,'dfujmhng','4646')
INSERT INTO ALUNO VALUES('654e948a-897c-46bc-b087-408eb22fc35d',NULL,0,'ytfytfyt',0,'2018-09-21 01:35:33.073000','dagoberto',10.0E0,'jgfytfgthv','48521654')
INSERT INTO ALUNO VALUES('a4421ded-0f95-40af-af94-13365c8939cd',NULL,0,'fbgfbf',0,'2018-09-21 01:35:33.079000','marcos',6.0E0,'gtbfbgg','24861481')
COMMIT
/*C8*/SET SCHEMA PUBLIC
INSERT INTO DISPOSITIVO VALUES('elQHOg9L3xU:APA91bFIXkxN5e1YXU5KviOy8TQfkssfDsWPWD_JD9lPemU_kOE4LJHkx448odnU3b27urX7QTKXJes19mwLfEzy6D31bhyNb4B8ZW32a28UH3U3HClbnIqIlj09_QTWr4e2MprE-XsS')
COMMIT
/*C11*/INSERT INTO DISPOSITIVO VALUES('euYgzwk2E6w:APA91bFV6tv5D2yamfrBgc68GBS2SbrET7k4Zj8zroYpRJT7vTh7xYnZG1yCBlgIzKAof8eO71rzv8xXLPx7mExvwd0iuBdz0vk6xS-pFu4fL1_CaWlrakOEeD4mqaqtPF44k-HBL7p_')
COMMIT
DELETE FROM ALUNO WHERE ID='182ab3aa-767f-4706-9c92-ec31862905ba'
INSERT INTO ALUNO VALUES('182ab3aa-767f-4706-9c92-ec31862905ba',NULL,1,'fgfgj',0,'2018-09-21 01:38:13.040000','gfhgfmgh',6.0E0,'fgfgjn','45451')
COMMIT
DELETE FROM ALUNO WHERE ID='234b94c4-f0bf-44d4-b4ba-2057efa51ecc'
INSERT INTO ALUNO VALUES('234b94c4-f0bf-44d4-b4ba-2057efa51ecc',NULL,1,'guygy',0,'2018-09-21 01:38:19.180000','flavio',7.0E0,'jhgyugyug','4546845')
COMMIT
DELETE FROM ALUNO WHERE ID='46f6b178-0675-4d76-b01d-121cc19f9291'
INSERT INTO ALUNO VALUES('46f6b178-0675-4d76-b01d-121cc19f9291',NULL,1,'sdfbngmh',0,'2018-09-21 01:38:20.813000','geronimo',10.0E0,'dfujmhng','4646')
COMMIT
DELETE FROM ALUNO WHERE ID='554c3b30-a06e-4c4e-a9dd-9f66780f9f85'
INSERT INTO ALUNO VALUES('554c3b30-a06e-4c4e-a9dd-9f66780f9f85',NULL,1,'john doe ave',0,'2018-09-21 01:38:24.014000','John doe',8.0E0,'www.doejohn.com.br','123456789')
COMMIT
/*C8*/DELETE FROM ALUNO WHERE ID='654e948a-897c-46bc-b087-408eb22fc35d'
INSERT INTO ALUNO VALUES('654e948a-897c-46bc-b087-408eb22fc35d',NULL,1,'ytfytfyt',0,'2018-09-21 01:38:25.899000','dagoberto',10.0E0,'jgfytfgthv','48521654')
COMMIT
DELETE FROM ALUNO WHERE ID='83cc1166-25a6-41b2-ae99-f4c4ee95a942'
INSERT INTO ALUNO VALUES('83cc1166-25a6-41b2-ae99-f4c4ee95a942',NULL,1,'Maddog st',0,'2018-09-21 01:38:26.875000','maddog dall',10.0E0,'www.maddog.com.br','123456789')
COMMIT
DELETE FROM ALUNO WHERE ID='a4421ded-0f95-40af-af94-13365c8939cd'
INSERT INTO ALUNO VALUES('a4421ded-0f95-40af-af94-13365c8939cd',NULL,1,'fbgfbf',0,'2018-09-21 01:38:27.751000','marcos',6.0E0,'gtbfbgg','24861481')
COMMIT
DELETE FROM ALUNO WHERE ID='aed5367a-e5e0-48d0-aa84-03279e3849ab'
INSERT INTO ALUNO VALUES('aed5367a-e5e0-48d0-aa84-03279e3849ab',NULL,1,'dfdg',0,'2018-09-21 01:38:28.545000','joao',0.0E0,'ddfgyht','54684654')
COMMIT
DELETE FROM ALUNO WHERE ID='e7d4e02d-a4ae-4bc5-8e33-a1f370af5794'
INSERT INTO ALUNO VALUES('e7d4e02d-a4ae-4bc5-8e33-a1f370af5794',NULL,1,'sggfjgkmh',0,'2018-09-21 01:38:31.131000','Jane doe',10.0E0,'dfjhk','13456786')
COMMIT
INSERT INTO ALUNO VALUES('f31ba750-64af-4762-b2f1-7884b9f6be73',NULL,0,'rua do rafael',0,'2018-09-21 01:39:08.854000','rafael',0.0E0,'www.sitedorafael.com.br','123456789')
COMMIT
DELETE FROM ALUNO WHERE ID='f31ba750-64af-4762-b2f1-7884b9f6be73'
INSERT INTO ALUNO VALUES('f31ba750-64af-4762-b2f1-7884b9f6be73',NULL,0,'rua do rafael',0,'2018-09-21 01:40:31.932000','rafael',0.0E0,'www.sitedorafael.com.br','123456789')
COMMIT
/*C11*/DELETE FROM ALUNO WHERE ID='f31ba750-64af-4762-b2f1-7884b9f6be73'
INSERT INTO ALUNO VALUES('f31ba750-64af-4762-b2f1-7884b9f6be73',NULL,0,'rua do rafael',0,'2018-09-21 01:43:05.907000','rafael',0.0E0,'www.sitedorafael.com.br','123456789')
COMMIT
/*C8*/INSERT INTO ALUNO VALUES('18c40d06-3a0e-4543-8f22-39b2cd1454b6','/storage/emulated/0/Android/data/br.com.rafael.pocketclass/files/1537504987867.jpg',0,'fnfhy',0,'2018-09-21 01:43:33.797000','dsgfjh',10.0E0,'srdgthjg','12345674')
COMMIT
DELETE FROM ALUNO WHERE ID='f31ba750-64af-4762-b2f1-7884b9f6be73'
INSERT INTO ALUNO VALUES('f31ba750-64af-4762-b2f1-7884b9f6be73',NULL,0,'rua do rafael',0,'2018-09-21 01:43:42.472000','rafael',0.0E0,'www.sitedorafael.com.br','123456789')
COMMIT
DELETE FROM ALUNO WHERE ID='18c40d06-3a0e-4543-8f22-39b2cd1454b6'
INSERT INTO ALUNO VALUES('18c40d06-3a0e-4543-8f22-39b2cd1454b6','/storage/emulated/0/Android/data/br.com.rafael.pocketclass/files/1537504987867.jpg',1,'fnfhy',0,'2018-09-21 01:44:08.140000','dsgfjh',10.0E0,'srdgthjg','12345674')
COMMIT
DELETE FROM ALUNO WHERE ID='18c40d06-3a0e-4543-8f22-39b2cd1454b6'
INSERT INTO ALUNO VALUES('18c40d06-3a0e-4543-8f22-39b2cd1454b6','/storage/emulated/0/Android/data/br.com.rafael.pocketclass/files/1537504987867.jpg',1,'fnfhy',0,'2018-09-21 01:44:20.067000','dsgfjh',10.0E0,'srdgthjg','12345674')
COMMIT
/*C11*/DELETE FROM DISPOSITIVO WHERE TOKEN='elQHOg9L3xU:APA91bFIXkxN5e1YXU5KviOy8TQfkssfDsWPWD_JD9lPemU_kOE4LJHkx448odnU3b27urX7QTKXJes19mwLfEzy6D31bhyNb4B8ZW32a28UH3U3HClbnIqIlj09_QTWr4e2MprE-XsS'
COMMIT
INSERT INTO DISPOSITIVO VALUES('empk09nhChQ:APA91bG0Q9tsjSL0B5XjVNVVUEW6ciChSZQjLWzCQkINn5mOMMmvYNZGeFlezdbtwxPt2QAi2s0sEsSxIFEkLu1El9CdRGaqZcF-rzRwDPohab5X4XUNfaJYsuKksSI10nqeAqOJVFQS')
COMMIT
INSERT INTO ALUNO VALUES('98980c3c-ff58-45e9-b410-b0d2791d8a80','/storage/emulated/0/Android/data/br.com.rafael.pocketclass/files/1537505122806.jpg',0,'nggvgn',0,'2018-09-21 01:45:46.146000','cbnn',9.0E0,'vdfvfbg','65654')
COMMIT
/*C8*/DELETE FROM ALUNO WHERE ID='98980c3c-ff58-45e9-b410-b0d2791d8a80'
INSERT INTO ALUNO VALUES('98980c3c-ff58-45e9-b410-b0d2791d8a80','/storage/emulated/0/Android/data/br.com.rafael.pocketclass/files/1537505122806.jpg',1,'nggvgn',0,'2018-09-21 01:49:17.051000','cbnn',9.0E0,'vdfvfbg','65654')
COMMIT
INSERT INTO DISPOSITIVO VALUES('ftw-1HqjyOc:APA91bGVxwyg_cQF3CVc16PNsaHWbuAuG9glNGOWKZj-SmUvrOvteAIkNkL7CB4tkaO4IjlP5MF-Z8kR0RDLklw9p2ZOuJpWfn8UcdxbOpprYXkoKHXc12ISLacWNmX4PucOYPLSyEBa')
COMMIT
INSERT INTO ALUNO VALUES('ccb82f59-e80b-4b8a-b36a-6ac004d8f20c',NULL,0,'84864',0,'2018-09-21 01:51:05.792000','pedro',0.0E0,'8484','dgfdh')
COMMIT
DELETE FROM DISPOSITIVO WHERE TOKEN='euYgzwk2E6w:APA91bFV6tv5D2yamfrBgc68GBS2SbrET7k4Zj8zroYpRJT7vTh7xYnZG1yCBlgIzKAof8eO71rzv8xXLPx7mExvwd0iuBdz0vk6xS-pFu4fL1_CaWlrakOEeD4mqaqtPF44k-HBL7p_'
COMMIT
DELETE FROM ALUNO WHERE ID='f31ba750-64af-4762-b2f1-7884b9f6be73'
INSERT INTO ALUNO VALUES('f31ba750-64af-4762-b2f1-7884b9f6be73',NULL,0,'rua do rafael',0,'2018-09-21 01:51:13.561000','rafael sales',0.0E0,'www.sitedorafael.com.br','123456789')
COMMIT
/*C11*/DELETE FROM ALUNO WHERE ID='ccb82f59-e80b-4b8a-b36a-6ac004d8f20c'
INSERT INTO ALUNO VALUES('ccb82f59-e80b-4b8a-b36a-6ac004d8f20c',NULL,1,'84864',0,'2018-09-21 01:51:18.870000','pedro',0.0E0,'8484','dgfdh')
COMMIT
INSERT INTO ALUNO VALUES('706773d5-9ddd-4d99-89d9-b9b506859c87',NULL,0,'dfgf',0,'2018-09-21 01:52:03.416000','bruno',9.0E0,'sfgdghfg','5454')
COMMIT
INSERT INTO ALUNO VALUES('22679f32-50c6-4d28-a9bd-23e1db7ddafe',NULL,0,'dgfghgjkj',0,'2018-09-21 01:52:41.540000','sdfghfhjk',10.0E0,'fdghgjl','351534')
COMMIT
DELETE FROM ALUNO WHERE ID='22679f32-50c6-4d28-a9bd-23e1db7ddafe'
INSERT INTO ALUNO VALUES('22679f32-50c6-4d28-a9bd-23e1db7ddafe',NULL,1,'dgfghgjkj',0,'2018-09-21 02:02:16.482000','sdfghfhjk',10.0E0,'fdghgjl','351534')
COMMIT
DELETE FROM ALUNO WHERE ID='706773d5-9ddd-4d99-89d9-b9b506859c87'
INSERT INTO ALUNO VALUES('706773d5-9ddd-4d99-89d9-b9b506859c87',NULL,1,'dfgf',0,'2018-09-21 02:02:19.523000','bruno',9.0E0,'sfgdghfg','5454')
COMMIT
DELETE FROM ALUNO WHERE ID='f31ba750-64af-4762-b2f1-7884b9f6be73'
INSERT INTO ALUNO VALUES('f31ba750-64af-4762-b2f1-7884b9f6be73',NULL,1,'rua do rafael',0,'2018-09-21 02:02:20.661000','rafael sales',0.0E0,'www.sitedorafael.com.br','123456789')
COMMIT
